
2013-04-15 10:34:56...installerHook: Could not find custom/install/install_hooks.php
2013-04-15 10:35:06...installerHook: Could not find custom/install/install_hooks.php
2013-04-15 10:35:08...installerHook: Could not find custom/install/install_hooks.php
2013-04-15 10:35:11...Begin System Check Process *************
2013-04-15 10:35:11...XML Parsing Support Found
2013-04-15 10:35:11...MBString Support Found
2013-04-15 10:35:11...ZIP Support Found
2013-04-15 10:35:11.../custom directory and subdirectory check passed
2013-04-15 10:35:11...cache directory and subdirectory check passed
2013-04-15 10:35:11.../module  directory and subdirectory check passed
2013-04-15 10:35:11.../upload directory check passed
2013-04-15 10:35:11.../zip check passed
2013-04-15 10:35:11...installerHook: Could not find custom/install/install_hooks.php
2013-04-15 10:35:11...php.ini location found. /etc/php.ini
2013-04-15 10:35:11...Outputting HTML for System check
2013-04-15 10:35:11...No Errors were found *************
2013-04-15 10:35:14...installerHook: Could not find custom/install/install_hooks.php
2013-04-15 10:35:16...installerHook: Could not find custom/install/install_hooks.php
2013-04-15 10:35:23...installerHook: Could not find custom/install/install_hooks.php
2013-04-15 10:35:37...Begin DB Check Process *************
2013-04-15 10:35:37...testing with mysql:mysqli
2013-04-15 10:35:37...Basic form info is valid, continuing Process.
2013-04-15 10:35:37...Testing user account...
2013-04-15 10:35:37...Connection made using  host: localhost, usr: root
2013-04-15 10:35:37...Testing priviliged account...
2013-04-15 10:35:37...Connection made using  host: localhost, usr: root
2013-04-15 10:35:38...ERROR:: The provided Database Name already exists.  You can<br>1.  hit the back button and choose a new database name <br>2.  click next and continue but all existing tables on this database will be dropped.  <strong>This means your tables and data will be blown away.</strong>
2013-04-15 10:35:38...Passed DB install check
2013-04-15 10:35:38...WARNING:: no errors detected, but DB tables will be dropped!, issuing warning to user
2013-04-15 10:35:38...End DB Check Process *************
2013-04-15 10:35:47...Begin DB Check Process *************
2013-04-15 10:35:47...testing with mysql:mysqli
2013-04-15 10:35:47...Basic form info is valid, continuing Process.
2013-04-15 10:35:47...Testing user account...
2013-04-15 10:35:47...Connection made using  host: localhost, usr: root
2013-04-15 10:35:47...Testing priviliged account...
2013-04-15 10:35:47...Connection made using  host: localhost, usr: root
2013-04-15 10:35:47...DB not selected, will create sugar123
2013-04-15 10:35:47...Passed DB install check
2013-04-15 10:35:47...SUCCESS:: no errors detected!
2013-04-15 10:35:47...End DB Check Process *************
2013-04-15 10:35:47...installerHook: Could not find custom/install/install_hooks.php
2013-04-15 10:36:45...installerHook: Could not find custom/install/install_hooks.php
2013-04-15 10:36:55...installerHook: Could not find custom/install/install_hooks.php
2013-04-15 10:36:58...installerHook: Could not find custom/install/install_hooks.php
2013-04-15 10:36:58...calling handleSugarConfig()
2013-04-15 10:36:58...calling handleLog4Php()
2013-04-15 10:36:58...calling handleHtaccess()
2013-04-15 10:36:58...calling handleDbCreateDatabase()
2013-04-15 10:36:58...looping through all the Beans and create their tables
2013-04-15 10:36:58...processing table acl_actions
2013-04-15 10:36:58...dropping table acl_actions
2013-04-15 10:36:58...creating table acl_actions
2013-04-15 10:36:58...creating Relationship Meta for ACLAction
2013-04-15 10:36:58...processing table acl_roles
2013-04-15 10:36:58...dropping table acl_roles
2013-04-15 10:36:58...creating table acl_roles
2013-04-15 10:36:58...creating Relationship Meta for ACLRole
2013-04-15 10:36:58...processing table relationships
2013-04-15 10:36:58...dropping table relationships
2013-04-15 10:36:58...creating table relationships
2013-04-15 10:36:58...creating Relationship Meta for Relationship
2013-04-15 10:36:58...processing table leads
2013-04-15 10:36:58...dropping table leads
2013-04-15 10:36:58...creating table leads
2013-04-15 10:36:58...creating Relationship Meta for Lead
2013-04-15 10:36:58...processing table cases
2013-04-15 10:36:58...dropping table cases
2013-04-15 10:36:58...creating table cases
2013-04-15 10:36:58...creating Relationship Meta for Case
2013-04-15 10:36:58...processing table bugs
2013-04-15 10:36:58...dropping table bugs
2013-04-15 10:36:58...creating table bugs
2013-04-15 10:36:58...creating Relationship Meta for Bug
2013-04-15 10:36:58...processing table users
2013-04-15 10:36:58...dropping table users
2013-04-15 10:36:59...creating table users
2013-04-15 10:36:59...creating Relationship Meta for User
2013-04-15 10:36:59...processing table campaign_log
2013-04-15 10:36:59...dropping table campaign_log
2013-04-15 10:36:59...creating table campaign_log
2013-04-15 10:36:59...creating Relationship Meta for CampaignLog
2013-04-15 10:36:59...processing table project
2013-04-15 10:36:59...dropping table project
2013-04-15 10:36:59...creating table project
2013-04-15 10:36:59...creating Relationship Meta for Project
2013-04-15 10:36:59...processing table project_task
2013-04-15 10:36:59...dropping table project_task
2013-04-15 10:36:59...creating table project_task
2013-04-15 10:36:59...creating Relationship Meta for ProjectTask
2013-04-15 10:36:59...processing table campaigns
2013-04-15 10:36:59...dropping table campaigns
2013-04-15 10:36:59...creating table campaigns
2013-04-15 10:36:59...creating Relationship Meta for Campaign
2013-04-15 10:36:59...processing table prospect_lists
2013-04-15 10:36:59...dropping table prospect_lists
2013-04-15 10:36:59...creating table prospect_lists
2013-04-15 10:36:59...creating Relationship Meta for ProspectList
2013-04-15 10:36:59...processing table prospects
2013-04-15 10:36:59...dropping table prospects
2013-04-15 10:36:59...creating table prospects
2013-04-15 10:36:59...creating Relationship Meta for Prospect
2013-04-15 10:36:59...processing table email_marketing
2013-04-15 10:36:59...dropping table email_marketing
2013-04-15 10:36:59...creating table email_marketing
2013-04-15 10:36:59...creating Relationship Meta for EmailMarketing
2013-04-15 10:36:59...processing table campaign_trkrs
2013-04-15 10:36:59...dropping table campaign_trkrs
2013-04-15 10:36:59...creating table campaign_trkrs
2013-04-15 10:36:59...creating Relationship Meta for CampaignTracker
2013-04-15 10:36:59...processing table releases
2013-04-15 10:36:59...dropping table releases
2013-04-15 10:36:59...creating table releases
2013-04-15 10:36:59...creating Relationship Meta for Release
2013-04-15 10:36:59...processing table emailman
2013-04-15 10:36:59...dropping table emailman
2013-04-15 10:36:59...creating table emailman
2013-04-15 10:36:59...creating Relationship Meta for EmailMan
2013-04-15 10:36:59...processing table schedulers
2013-04-15 10:36:59...dropping table schedulers
2013-04-15 10:36:59...creating table schedulers
2013-04-15 10:36:59...creating Relationship Meta for Scheduler
2013-04-15 10:36:59...processing table job_queue
2013-04-15 10:36:59...dropping table job_queue
2013-04-15 10:36:59...creating table job_queue
2013-04-15 10:36:59...creating Relationship Meta for SchedulersJob
2013-04-15 10:36:59...processing table contacts
2013-04-15 10:36:59...dropping table contacts
2013-04-15 10:36:59...creating table contacts
2013-04-15 10:36:59...creating Relationship Meta for Contact
2013-04-15 10:36:59...processing table accounts
2013-04-15 10:36:59...dropping table accounts
2013-04-15 10:36:59...creating table accounts
2013-04-15 10:36:59...creating Relationship Meta for Account
2013-04-15 10:36:59...processing table opportunities
2013-04-15 10:36:59...dropping table opportunities
2013-04-15 10:36:59...creating table opportunities
2013-04-15 10:36:59...creating Relationship Meta for Opportunity
2013-04-15 10:36:59...processing table email_templates
2013-04-15 10:36:59...dropping table email_templates
2013-04-15 10:36:59...creating table email_templates
2013-04-15 10:36:59...creating Relationship Meta for EmailTemplate
2013-04-15 10:36:59...processing table notes
2013-04-15 10:36:59...dropping table notes
2013-04-15 10:36:59...creating table notes
2013-04-15 10:36:59...creating Relationship Meta for Note
2013-04-15 10:37:00...processing table calls
2013-04-15 10:37:00...dropping table calls
2013-04-15 10:37:00...creating table calls
2013-04-15 10:37:00...creating Relationship Meta for Call
2013-04-15 10:37:00...processing table emails
2013-04-15 10:37:00...dropping table emails
2013-04-15 10:37:00...creating table emails
2013-04-15 10:37:00...creating Relationship Meta for Email
2013-04-15 10:37:00...processing table meetings
2013-04-15 10:37:00...dropping table meetings
2013-04-15 10:37:00...creating table meetings
2013-04-15 10:37:00...creating Relationship Meta for Meeting
2013-04-15 10:37:00...processing table tasks
2013-04-15 10:37:00...dropping table tasks
2013-04-15 10:37:00...creating table tasks
2013-04-15 10:37:00...creating Relationship Meta for Task
2013-04-15 10:37:00...processing table users
2013-04-15 10:37:00...processing table users
2013-04-15 10:37:00...processing table currencies
2013-04-15 10:37:00...dropping table currencies
2013-04-15 10:37:00...creating table currencies
2013-04-15 10:37:00...creating Relationship Meta for Currency
2013-04-15 10:37:00...processing table tracker
2013-04-15 10:37:00...dropping table tracker
2013-04-15 10:37:00...creating table tracker
2013-04-15 10:37:00...creating Relationship Meta for Tracker
2013-04-15 10:37:00...processing table import_maps
2013-04-15 10:37:00...dropping table import_maps
2013-04-15 10:37:00...creating table import_maps
2013-04-15 10:37:00...creating Relationship Meta for ImportMap
2013-04-15 10:37:00...processing table users_last_import
2013-04-15 10:37:00...dropping table users_last_import
2013-04-15 10:37:00...creating table users_last_import
2013-04-15 10:37:00...creating Relationship Meta for UsersLastImport
2013-04-15 10:37:00...processing table config
2013-04-15 10:37:00...dropping table config
2013-04-15 10:37:00...creating table config
2013-04-15 10:37:00...creating Relationship Meta for Administration
2013-04-15 10:37:00...processing table upgrade_history
2013-04-15 10:37:00...dropping table upgrade_history
2013-04-15 10:37:00...creating table upgrade_history
2013-04-15 10:37:00...creating Relationship Meta for UpgradeHistory
2013-04-15 10:37:00...processing table vcals
2013-04-15 10:37:00...dropping table vcals
2013-04-15 10:37:00...creating table vcals
2013-04-15 10:37:00...creating Relationship Meta for vCal
2013-04-15 10:37:00...processing table versions
2013-04-15 10:37:00...dropping table versions
2013-04-15 10:37:00...creating table versions
2013-04-15 10:37:00...creating Relationship Meta for Version
2013-04-15 10:37:00...processing table roles
2013-04-15 10:37:00...dropping table roles
2013-04-15 10:37:00...creating table roles
2013-04-15 10:37:00...creating Relationship Meta for Role
2013-04-15 10:37:00...processing table documents
2013-04-15 10:37:00...dropping table documents
2013-04-15 10:37:00...creating table documents
2013-04-15 10:37:00...creating Relationship Meta for Document
2013-04-15 10:37:00...processing table document_revisions
2013-04-15 10:37:00...dropping table document_revisions
2013-04-15 10:37:00...creating table document_revisions
2013-04-15 10:37:00...creating Relationship Meta for DocumentRevision
2013-04-15 10:37:00...processing table fields_meta_data
2013-04-15 10:37:00...dropping table fields_meta_data
2013-04-15 10:37:00...creating table fields_meta_data
2013-04-15 10:37:00...creating Relationship Meta for FieldsMetaData
2013-04-15 10:37:00...processing table inbound_email
2013-04-15 10:37:00...dropping table inbound_email
2013-04-15 10:37:00...creating table inbound_email
2013-04-15 10:37:00...creating Relationship Meta for InboundEmail
2013-04-15 10:37:00...processing table saved_search
2013-04-15 10:37:00...dropping table saved_search
2013-04-15 10:37:00...creating table saved_search
2013-04-15 10:37:00...creating Relationship Meta for SavedSearch
2013-04-15 10:37:00...processing table user_preferences
2013-04-15 10:37:00...dropping table user_preferences
2013-04-15 10:37:00...creating table user_preferences
2013-04-15 10:37:00...creating Relationship Meta for UserPreference
2013-04-15 10:37:00...processing table 
2013-04-15 10:37:00...processing table email_addresses
2013-04-15 10:37:00...dropping table email_addresses
2013-04-15 10:37:00...creating table email_addresses
2013-04-15 10:37:00...creating Relationship Meta for EmailAddress
2013-04-15 10:37:00...processing table emails_text
2013-04-15 10:37:00...dropping table emails_text
2013-04-15 10:37:00...creating table emails_text
2013-04-15 10:37:00...creating Relationship Meta for EmailText
2013-04-15 10:37:00...processing table sugarfeed
2013-04-15 10:37:00...dropping table sugarfeed
2013-04-15 10:37:00...creating table sugarfeed
2013-04-15 10:37:00...creating Relationship Meta for SugarFeed
2013-04-15 10:37:00...processing table eapm
2013-04-15 10:37:00...dropping table eapm
2013-04-15 10:37:00...creating table eapm
2013-04-15 10:37:00...creating Relationship Meta for EAPM
2013-04-15 10:37:00...processing table oauth_consumer
2013-04-15 10:37:00...dropping table oauth_consumer
2013-04-15 10:37:00...creating table oauth_consumer
2013-04-15 10:37:00...creating Relationship Meta for OAuthKey
2013-04-15 10:37:00...processing table oauth_tokens
2013-04-15 10:37:00...dropping table oauth_tokens
2013-04-15 10:37:01...creating table oauth_tokens
2013-04-15 10:37:01...creating Relationship Meta for OAuthToken
2013-04-15 10:37:02...Begin creating Defaults
2013-04-15 10:37:02...insert defaults into config table
2013-04-15 10:37:02...Creating default users
2013-04-15 10:37:02...Creating default scheduler jobs
2013-04-15 10:37:02...Enable SugarFeeds
2013-04-15 10:37:02...Enable InsideView Connector
2013-04-15 10:37:02...Creating FTS logic hook
2013-04-15 10:37:02...populating the db with seed data
2013-04-15 10:37:22...Installation has completed *********
2013-04-15 10:37:24...installerHook: Could not find custom/install/install_hooks.php
2013-04-15 10:37:35...installerHook: Could not find custom/install/install_hooks.php